I, [2013-12-29T23:40:32.210355 #31142]  INFO -- : --- branch_data_file=branch_data-1.json
I, [2013-12-29T23:40:32.210559 #31142]  INFO -- : * entered=A
I, [2013-12-29T23:40:32.210590 #31142]  INFO -- :   NEXT=B
I, [2013-12-29T23:40:32.210611 #31142]  INFO -- :   NEXT=C
I, [2013-12-29T23:40:32.210630 #31142]  INFO -- :   NEXT=D
I, [2013-12-29T23:40:32.210655 #31142]  INFO -- : * entered=B
I, [2013-12-29T23:40:32.210674 #31142]  INFO -- :   NEXT=A
I, [2013-12-29T23:40:32.210692 #31142]  INFO -- :   NEXT=A
I, [2013-12-29T23:40:32.210710 #31142]  INFO -- :   NEXT=B
I, [2013-12-29T23:40:32.210728 #31142]  INFO -- : * entered=C
I, [2013-12-29T23:40:32.210745 #31142]  INFO -- :   NEXT=D
I, [2013-12-29T23:40:32.210763 #31142]  INFO -- :   NEXT=D
I, [2013-12-29T23:40:32.210781 #31142]  INFO -- :   NEXT=C
I, [2013-12-29T23:40:32.210799 #31142]  INFO -- : * entered=D
I, [2013-12-29T23:40:32.210817 #31142]  INFO -- :   NEXT=C
I, [2013-12-29T23:40:32.210835 #31142]  INFO -- :   NEXT=B
I, [2013-12-29T23:40:32.210859 #31142]  INFO -- :   NEXT=A
I, [2013-12-29T23:40:32.210877 #31142]  INFO -- : --- branch_data_file=branch_data-2.json
I, [2013-12-29T23:40:32.210922 #31142]  INFO -- : * entered=A
I, [2013-12-29T23:40:32.210944 #31142]  INFO -- :   NEXT=B
I, [2013-12-29T23:40:32.210962 #31142]  INFO -- :   NEXT=C
I, [2013-12-29T23:40:32.210980 #31142]  INFO -- :   NEXT=D
I, [2013-12-29T23:40:32.210997 #31142]  INFO -- : * entered=B
I, [2013-12-29T23:40:32.211016 #31142]  INFO -- :   NEXT=A
I, [2013-12-29T23:40:32.211077 #31142]  INFO -- :   NEXT=A
I, [2013-12-29T23:40:32.211104 #31142]  INFO -- :   NEXT=A
I, [2013-12-29T23:40:32.211142 #31142]  INFO -- : * entered=C
I, [2013-12-29T23:40:32.211161 #31142]  INFO -- :   NEXT=D
I, [2013-12-29T23:40:32.211179 #31142]  INFO -- :   NEXT=E
I, [2013-12-29T23:40:32.211197 #31142]  INFO -- :   NEXT=E
I, [2013-12-29T23:40:32.211214 #31142]  INFO -- : * entered=D
I, [2013-12-29T23:40:32.211232 #31142]  INFO -- :   NEXT=C
I, [2013-12-29T23:40:32.211258 #31142]  INFO -- :   NEXT=B
I, [2013-12-29T23:40:32.211276 #31142]  INFO -- :   NEXT=B
I, [2013-12-29T23:40:32.211293 #31142]  INFO -- : * entered=E
I, [2013-12-29T23:40:32.211310 #31142]  INFO -- :   NEXT=E
I, [2013-12-29T23:40:32.211328 #31142]  INFO -- :   NEXT=D
I, [2013-12-29T23:40:32.211346 #31142]  INFO -- :   NEXT=C
I, [2013-12-29T23:40:32.211365 #31142]  INFO -- : --- branch_data_file=branch_data-3.json
I, [2013-12-29T23:40:32.211410 #31142]  INFO -- : * entered=A
I, [2013-12-29T23:40:32.211431 #31142]  INFO -- :   NEXT=B
I, [2013-12-29T23:40:32.211460 #31142]  INFO -- : * entered=B
I, [2013-12-29T23:40:32.211479 #31142]  INFO -- :   NEXT=A
I, [2013-12-29T23:40:32.211496 #31142]  INFO -- : * entered=C
I, [2013-12-29T23:40:32.211515 #31142]  INFO -- :   NEXT=D
I, [2013-12-29T23:40:32.211532 #31142]  INFO -- : * entered=D
I, [2013-12-29T23:40:32.211550 #31142]  INFO -- :   NEXT=C
